<?xml version="1.0" encoding="UTF-8"?>
<!-- Generated by org.testng.reporters.JUnitXMLReporter -->
<testsuite ignored="0" hostname="Kumars-MacBook-Pro.local" failures="1" tests="1" name="Parallel testing with Firefox Browser" time="4.05" errors="0" timestamp="2025-03-03T16:40:42 IST">
  <testcase classname="org.air.tests.LoginTest" name="launchURL" time="1.587">
    <failure type="com.fasterxml.jackson.databind.exc.MismatchedInputException" message="Cannot deserialize instance of `POJO.ProductDetails` out of START_ARRAY token
 at [Source: (BufferedInputStream); line: 1, column: 1]">
      <![CDATA[com.fasterxml.jackson.databind.exc.MismatchedInputException: Cannot deserialize instance of `POJO.ProductDetails` out of START_ARRAY token
 at [Source: (BufferedInputStream); line: 1, column: 1]
at com.fasterxml.jackson.databind.exc.MismatchedInputException.from(MismatchedInputException.java:59)
at com.fasterxml.jackson.databind.DeserializationContext.reportInputMismatch(DeserializationContext.java:1445)
at com.fasterxml.jackson.databind.DeserializationContext.handleUnexpectedToken(DeserializationContext.java:1219)
at com.fasterxml.jackson.databind.DeserializationContext.handleUnexpectedToken(DeserializationContext.java:1171)
at com.fasterxml.jackson.databind.deser.BeanDeserializerBase.deserializeFromArray(BeanDeserializerBase.java:1460)
at com.fasterxml.jackson.databind.deser.BeanDeserializer._deserializeOther(BeanDeserializer.java:185)
at com.fasterxml.jackson.databind.deser.BeanDeserializer.deserialize(BeanDeserializer.java:161)
at com.fasterxml.jackson.databind.ObjectMapper._readMapAndClose(ObjectMapper.java:4218)
at com.fasterxml.jackson.databind.ObjectMapper.readValue(ObjectMapper.java:3251)
at Utlities.JacksonUtils.genericdeserializeJson(JacksonUtils.java:19)
at org.air.tests.LoginTest.launchURL(LoginTest.java:31)
at java.base/java.util.ArrayList.forEach(ArrayList.java:1541)
at java.base/java.util.concurrent.FutureTask.run(FutureTask.java:264)
at java.base/java.util.concurrent.ThreadPoolExecutor.runWorker(ThreadPoolExecutor.java:1128)
at java.base/java.util.concurrent.ThreadPoolExecutor$Worker.run(ThreadPoolExecutor.java:628)
at java.base/java.lang.Thread.run(Thread.java:834)
... Removed 17 stack frames]]>
    </failure>
  </testcase> <!-- launchURL -->
</testsuite> <!-- Parallel testing with Firefox Browser -->
