<?xml version="1.0" encoding="UTF-8"?>
<testng-results ignored="0" total="2" passed="2" failed="0" skipped="0">
  <reporter-output>
  </reporter-output>
  <suite started-at="2025-03-01T15:56:26 IST" name="Hurdle To Success" finished-at="2025-03-01T15:57:06 IST" duration-ms="39915">
    <groups>
    </groups>
    <test started-at="2025-03-01T15:56:26 IST" name="Parallel testing with Firefox Browser" finished-at="2025-03-01T15:57:03 IST" duration-ms="36707">
      <class name="org.air.tests.LoginTest">
        <test-method is-config="true" signature="initializeDriver(java.lang.String)[pri:0, instance:org.air.tests.LoginTest@8f2ef19]" started-at="2025-03-01T15:56:26 IST" name="initializeDriver" finished-at="2025-03-01T15:56:30 IST" duration-ms="3355" status="PASS">
          <params>
            <param index="0">
              <value>
                <![CDATA[Firefox]]>
              </value>
            </param>
          </params>
          <reporter-output>
          </reporter-output>
        </test-method> <!-- initializeDriver -->
        <test-method signature="launchURL()[pri:0, instance:org.air.tests.LoginTest@8f2ef19]" started-at="2025-03-01T15:56:30 IST" name="launchURL" finished-at="2025-03-01T15:57:03 IST" duration-ms="33327" status="PASS">
          <reporter-output>
          </reporter-output>
        </test-method> <!-- launchURL -->
      </class> <!-- org.air.tests.LoginTest -->
    </test> <!-- Parallel testing with Firefox Browser -->
    <test started-at="2025-03-01T15:56:26 IST" name="Parallel testing with Chrome Browser" finished-at="2025-03-01T15:57:06 IST" duration-ms="39915">
      <class name="org.air.tests.LoginTest">
        <test-method is-config="true" signature="initializeDriver(java.lang.String)[pri:0, instance:org.air.tests.LoginTest@5824a83d]" started-at="2025-03-01T15:56:26 IST" name="initializeDriver" finished-at="2025-03-01T15:56:35 IST" duration-ms="8572" status="PASS">
          <params>
            <param index="0">
              <value>
                <![CDATA[Chrome]]>
              </value>
            </param>
          </params>
          <reporter-output>
          </reporter-output>
        </test-method> <!-- initializeDriver -->
        <test-method signature="launchURL()[pri:0, instance:org.air.tests.LoginTest@5824a83d]" started-at="2025-03-01T15:56:35 IST" name="launchURL" finished-at="2025-03-01T15:57:06 IST" duration-ms="31331" status="PASS">
          <reporter-output>
          </reporter-output>
        </test-method> <!-- launchURL -->
      </class> <!-- org.air.tests.LoginTest -->
    </test> <!-- Parallel testing with Chrome Browser -->
  </suite> <!-- Hurdle To Success -->
</testng-results>
